{"/Users/lucasfloripa/Projects/numa-backend/numa-backend/src/application/usecases/GetReservationByidUsecase.ts": {"path":"/Users/lucasfloripa/Projects/numa-backend/numa-backend/src/application/usecases/GetReservationByidUsecase.ts","statementMap":{"0":{"start":{"line":6,"column":32},"end":{"line":6,"column":84}},"1":{"start":{"line":9,"column":4},"end":{"line":9,"column":null}},"2":{"start":{"line":5,"column":0},"end":{"line":5,"column":13}}},"fnMap":{"0":{"name":"(anonymous_0)","decl":{"start":{"line":6,"column":2},"end":{"line":6,"column":32}},"loc":{"start":{"line":6,"column":84},"end":{"line":6,"column":88}}},"1":{"name":"(anonymous_1)","decl":{"start":{"line":8,"column":2},"end":{"line":8,"column":7}},"loc":{"start":{"line":8,"column":38},"end":{"line":10,"column":3}}}},"branchMap":{},"s":{"0":3,"1":3,"2":2},"f":{"0":3,"1":3},"b":{}}
,"/Users/lucasfloripa/Projects/numa-backend/numa-backend/src/application/usecases/GetReservationUsecase.ts": {"path":"/Users/lucasfloripa/Projects/numa-backend/numa-backend/src/application/usecases/GetReservationUsecase.ts","statementMap":{"0":{"start":{"line":6,"column":32},"end":{"line":6,"column":78}},"1":{"start":{"line":9,"column":4},"end":{"line":9,"column":null}},"2":{"start":{"line":5,"column":0},"end":{"line":5,"column":13}}},"fnMap":{"0":{"name":"(anonymous_0)","decl":{"start":{"line":6,"column":2},"end":{"line":6,"column":32}},"loc":{"start":{"line":6,"column":78},"end":{"line":6,"column":82}}},"1":{"name":"(anonymous_1)","decl":{"start":{"line":8,"column":2},"end":{"line":8,"column":7}},"loc":{"start":{"line":8,"column":15},"end":{"line":10,"column":3}}}},"branchMap":{},"s":{"0":3,"1":3,"2":2},"f":{"0":3,"1":3},"b":{}}
,"/Users/lucasfloripa/Projects/numa-backend/numa-backend/src/application/usecases/PacthBillingAddressReservationUsecase.ts": {"path":"/Users/lucasfloripa/Projects/numa-backend/numa-backend/src/application/usecases/PacthBillingAddressReservationUsecase.ts","statementMap":{"0":{"start":{"line":7,"column":21},"end":{"line":7,"column":73}},"1":{"start":{"line":8,"column":21},"end":{"line":8,"column":69}},"2":{"start":{"line":9,"column":21},"end":{"line":9,"column":49}},"3":{"start":{"line":13,"column":30},"end":{"line":13,"column":89}},"4":{"start":{"line":14,"column":4},"end":{"line":14,"column":null}},"5":{"start":{"line":14,"column":28},"end":{"line":14,"column":null}},"6":{"start":{"line":15,"column":24},"end":{"line":15,"column":85}},"7":{"start":{"line":16,"column":4},"end":{"line":16,"column":null}},"8":{"start":{"line":17,"column":4},"end":{"line":17,"column":null}},"9":{"start":{"line":5,"column":0},"end":{"line":5,"column":13}}},"fnMap":{"0":{"name":"(anonymous_0)","decl":{"start":{"line":6,"column":2},"end":{"line":6,"column":null}},"loc":{"start":{"line":9,"column":49},"end":{"line":10,"column":6}}},"1":{"name":"(anonymous_1)","decl":{"start":{"line":12,"column":2},"end":{"line":12,"column":7}},"loc":{"start":{"line":12,"column":49},"end":{"line":18,"column":3}}}},"branchMap":{"0":{"loc":{"start":{"line":14,"column":4},"end":{"line":14,"column":null}},"type":"if","locations":[{"start":{"line":14,"column":4},"end":{"line":14,"column":null}}]}},"s":{"0":0,"1":0,"2":0,"3":0,"4":0,"5":0,"6":0,"7":0,"8":0,"9":2},"f":{"0":0,"1":0},"b":{"0":[0]}}
,"/Users/lucasfloripa/Projects/numa-backend/numa-backend/src/application/usecases/index.ts": {"path":"/Users/lucasfloripa/Projects/numa-backend/numa-backend/src/application/usecases/index.ts","statementMap":{"0":{"start":{"line":1,"column":0},"end":{"line":1,"column":43}},"1":{"start":{"line":2,"column":0},"end":{"line":2,"column":39}},"2":{"start":{"line":3,"column":0},"end":{"line":3,"column":55}}},"fnMap":{},"branchMap":{},"s":{"0":2,"1":2,"2":2},"f":{},"b":{}}
,"/Users/lucasfloripa/Projects/numa-backend/numa-backend/src/infra/gateways/NumaGateway.ts": {"path":"/Users/lucasfloripa/Projects/numa-backend/numa-backend/src/infra/gateways/NumaGateway.ts","statementMap":{"0":{"start":{"line":3,"column":0},"end":{"line":3,"column":57}},"1":{"start":{"line":7,"column":18},"end":{"line":7,"column":60}},"2":{"start":{"line":8,"column":44},"end":{"line":8,"column":46}},"3":{"start":{"line":9,"column":29},"end":{"line":9,"column":117}},"4":{"start":{"line":9,"column":93},"end":{"line":9,"column":116}},"5":{"start":{"line":10,"column":4},"end":{"line":12,"column":null}},"6":{"start":{"line":11,"column":6},"end":{"line":11,"column":null}},"7":{"start":{"line":13,"column":4},"end":{"line":13,"column":null}},"8":{"start":{"line":17,"column":18},"end":{"line":17,"column":60}},"9":{"start":{"line":18,"column":28},"end":{"line":18,"column":118}},"10":{"start":{"line":18,"column":99},"end":{"line":18,"column":117}},"11":{"start":{"line":19,"column":37},"end":{"line":19,"column":111}},"12":{"start":{"line":20,"column":4},"end":{"line":20,"column":null}},"13":{"start":{"line":24,"column":18},"end":{"line":24,"column":60}},"14":{"start":{"line":25,"column":28},"end":{"line":25,"column":131}},"15":{"start":{"line":25,"column":107},"end":{"line":25,"column":130}},"16":{"start":{"line":26,"column":37},"end":{"line":26,"column":111}},"17":{"start":{"line":27,"column":4},"end":{"line":27,"column":null}},"18":{"start":{"line":5,"column":0},"end":{"line":5,"column":13}}},"fnMap":{"0":{"name":"(anonymous_0)","decl":{"start":{"line":6,"column":2},"end":{"line":6,"column":7}},"loc":{"start":{"line":6,"column":11},"end":{"line":14,"column":3}}},"1":{"name":"(anonymous_1)","decl":{"start":{"line":9,"column":81},"end":{"line":9,"column":89}},"loc":{"start":{"line":9,"column":93},"end":{"line":9,"column":116}}},"2":{"name":"(anonymous_2)","decl":{"start":{"line":10,"column":29},"end":{"line":10,"column":44}},"loc":{"start":{"line":10,"column":47},"end":{"line":12,"column":5}}},"3":{"name":"(anonymous_3)","decl":{"start":{"line":16,"column":2},"end":{"line":16,"column":7}},"loc":{"start":{"line":16,"column":38},"end":{"line":21,"column":3}}},"4":{"name":"(anonymous_4)","decl":{"start":{"line":18,"column":87},"end":{"line":18,"column":95}},"loc":{"start":{"line":18,"column":99},"end":{"line":18,"column":117}}},"5":{"name":"(anonymous_5)","decl":{"start":{"line":23,"column":2},"end":{"line":23,"column":7}},"loc":{"start":{"line":23,"column":47},"end":{"line":28,"column":3}}},"6":{"name":"(anonymous_6)","decl":{"start":{"line":25,"column":95},"end":{"line":25,"column":103}},"loc":{"start":{"line":25,"column":107},"end":{"line":25,"column":130}}}},"branchMap":{},"s":{"0":2,"1":1,"2":1,"3":1,"4":1,"5":1,"6":19,"7":1,"8":2,"9":2,"10":1,"11":1,"12":1,"13":0,"14":0,"15":0,"16":0,"17":0,"18":2},"f":{"0":1,"1":1,"2":19,"3":2,"4":1,"5":0,"6":0},"b":{}}
,"/Users/lucasfloripa/Projects/numa-backend/numa-backend/src/infra/gateways/index.ts": {"path":"/Users/lucasfloripa/Projects/numa-backend/numa-backend/src/infra/gateways/index.ts","statementMap":{"0":{"start":{"line":1,"column":0},"end":{"line":1,"column":29}},"1":{"start":{"line":2,"column":0},"end":{"line":2,"column":37}}},"fnMap":{},"branchMap":{},"s":{"0":2,"1":2},"f":{},"b":{}}
,"/Users/lucasfloripa/Projects/numa-backend/numa-backend/src/infra/gateways/numa-gateway-helper.ts": {"path":"/Users/lucasfloripa/Projects/numa-backend/numa-backend/src/infra/gateways/numa-gateway-helper.ts","statementMap":{"0":{"start":{"line":1,"column":0},"end":{"line":1,"column":44}},"1":{"start":{"line":3,"column":13},"end":{"line":31,"column":null}},"2":{"start":{"line":8,"column":4},"end":{"line":16,"column":null}},"3":{"start":{"line":16,"column":24},"end":{"line":16,"column":50}},"4":{"start":{"line":18,"column":4},"end":{"line":24,"column":null}},"5":{"start":{"line":28,"column":4},"end":{"line":28,"column":null}},"6":{"start":{"line":28,"column":21},"end":{"line":28,"column":null}},"7":{"start":{"line":29,"column":4},"end":{"line":29,"column":null}}},"fnMap":{"0":{"name":"(anonymous_1)","decl":{"start":{"line":7,"column":2},"end":{"line":7,"column":7}},"loc":{"start":{"line":7,"column":27},"end":{"line":25,"column":3}}},"1":{"name":"(anonymous_2)","decl":{"start":{"line":16,"column":12},"end":{"line":16,"column":20}},"loc":{"start":{"line":16,"column":24},"end":{"line":16,"column":50}}},"2":{"name":"(anonymous_3)","decl":{"start":{"line":27,"column":2},"end":{"line":27,"column":7}},"loc":{"start":{"line":27,"column":24},"end":{"line":30,"column":3}}}},"branchMap":{"0":{"loc":{"start":{"line":28,"column":4},"end":{"line":28,"column":null}},"type":"if","locations":[{"start":{"line":28,"column":4},"end":{"line":28,"column":null}}]}},"s":{"0":2,"1":2,"2":2,"3":2,"4":2,"5":4,"6":2,"7":4},"f":{"0":2,"1":2,"2":4},"b":{"0":[2]}}
,"/Users/lucasfloripa/Projects/numa-backend/numa-backend/src/presentation/controllers/GetReservationByIdController.ts": {"path":"/Users/lucasfloripa/Projects/numa-backend/numa-backend/src/presentation/controllers/GetReservationByIdController.ts","statementMap":{"0":{"start":{"line":3,"column":0},"end":{"line":3,"column":66}},"1":{"start":{"line":7,"column":32},"end":{"line":7,"column":62}},"2":{"start":{"line":7,"column":81},"end":{"line":7,"column":103}},"3":{"start":{"line":10,"column":4},"end":{"line":18,"column":null}},"4":{"start":{"line":11,"column":20},"end":{"line":11,"column":53}},"5":{"start":{"line":12,"column":6},"end":{"line":12,"column":null}},"6":{"start":{"line":12,"column":25},"end":{"line":12,"column":null}},"7":{"start":{"line":13,"column":26},"end":{"line":13,"column":82}},"8":{"start":{"line":14,"column":6},"end":{"line":14,"column":null}},"9":{"start":{"line":16,"column":6},"end":{"line":16,"column":null}},"10":{"start":{"line":16,"column":32},"end":{"line":16,"column":null}},"11":{"start":{"line":17,"column":6},"end":{"line":17,"column":null}},"12":{"start":{"line":6,"column":0},"end":{"line":6,"column":13}}},"fnMap":{"0":{"name":"(anonymous_0)","decl":{"start":{"line":7,"column":2},"end":{"line":7,"column":32}},"loc":{"start":{"line":7,"column":103},"end":{"line":7,"column":107}}},"1":{"name":"(anonymous_1)","decl":{"start":{"line":9,"column":2},"end":{"line":9,"column":7}},"loc":{"start":{"line":9,"column":32},"end":{"line":19,"column":3}}}},"branchMap":{"0":{"loc":{"start":{"line":12,"column":6},"end":{"line":12,"column":null}},"type":"if","locations":[{"start":{"line":12,"column":6},"end":{"line":12,"column":null}}]},"1":{"loc":{"start":{"line":16,"column":6},"end":{"line":16,"column":null}},"type":"if","locations":[{"start":{"line":16,"column":6},"end":{"line":16,"column":null}}]}},"s":{"0":2,"1":6,"2":6,"3":6,"4":6,"5":6,"6":1,"7":5,"8":3,"9":2,"10":1,"11":1,"12":2},"f":{"0":6,"1":6},"b":{"0":[1],"1":[1]}}
,"/Users/lucasfloripa/Projects/numa-backend/numa-backend/src/presentation/controllers/GetReservationsController.ts": {"path":"/Users/lucasfloripa/Projects/numa-backend/numa-backend/src/presentation/controllers/GetReservationsController.ts","statementMap":{"0":{"start":{"line":3,"column":0},"end":{"line":3,"column":55}},"1":{"start":{"line":7,"column":32},"end":{"line":7,"column":64}},"2":{"start":{"line":10,"column":4},"end":{"line":16,"column":null}},"3":{"start":{"line":11,"column":27},"end":{"line":11,"column":63}},"4":{"start":{"line":12,"column":6},"end":{"line":12,"column":null}},"5":{"start":{"line":12,"column":37},"end":{"line":12,"column":null}},"6":{"start":{"line":13,"column":6},"end":{"line":13,"column":null}},"7":{"start":{"line":15,"column":6},"end":{"line":15,"column":null}},"8":{"start":{"line":6,"column":0},"end":{"line":6,"column":13}}},"fnMap":{"0":{"name":"(anonymous_0)","decl":{"start":{"line":7,"column":2},"end":{"line":7,"column":32}},"loc":{"start":{"line":7,"column":64},"end":{"line":7,"column":68}}},"1":{"name":"(anonymous_1)","decl":{"start":{"line":9,"column":2},"end":{"line":9,"column":7}},"loc":{"start":{"line":9,"column":14},"end":{"line":17,"column":3}}}},"branchMap":{"0":{"loc":{"start":{"line":12,"column":6},"end":{"line":12,"column":null}},"type":"if","locations":[{"start":{"line":12,"column":6},"end":{"line":12,"column":null}}]}},"s":{"0":2,"1":4,"2":4,"3":4,"4":3,"5":1,"6":2,"7":1,"8":2},"f":{"0":4,"1":4},"b":{"0":[1]}}
,"/Users/lucasfloripa/Projects/numa-backend/numa-backend/src/presentation/controllers/index.ts": {"path":"/Users/lucasfloripa/Projects/numa-backend/numa-backend/src/presentation/controllers/index.ts","statementMap":{"0":{"start":{"line":1,"column":0},"end":{"line":1,"column":43}},"1":{"start":{"line":2,"column":0},"end":{"line":2,"column":46}}},"fnMap":{},"branchMap":{},"s":{"0":2,"1":2},"f":{},"b":{}}
,"/Users/lucasfloripa/Projects/numa-backend/numa-backend/src/presentation/errors/ServerError.ts": {"path":"/Users/lucasfloripa/Projects/numa-backend/numa-backend/src/presentation/errors/ServerError.ts","statementMap":{"0":{"start":{"line":3,"column":4},"end":{"line":3,"column":null}},"1":{"start":{"line":4,"column":4},"end":{"line":4,"column":null}},"2":{"start":{"line":5,"column":4},"end":{"line":5,"column":null}},"3":{"start":{"line":1,"column":0},"end":{"line":1,"column":13}}},"fnMap":{"0":{"name":"(anonymous_0)","decl":{"start":{"line":2,"column":2},"end":{"line":2,"column":15}},"loc":{"start":{"line":2,"column":29},"end":{"line":6,"column":3}}}},"branchMap":{},"s":{"0":6,"1":6,"2":6,"3":2},"f":{"0":6},"b":{}}
,"/Users/lucasfloripa/Projects/numa-backend/numa-backend/src/presentation/errors/index.ts": {"path":"/Users/lucasfloripa/Projects/numa-backend/numa-backend/src/presentation/errors/index.ts","statementMap":{"0":{"start":{"line":1,"column":0},"end":{"line":1,"column":29}}},"fnMap":{},"branchMap":{},"s":{"0":2},"f":{},"b":{}}
,"/Users/lucasfloripa/Projects/numa-backend/numa-backend/src/presentation/helpers/http-helper.ts": {"path":"/Users/lucasfloripa/Projects/numa-backend/numa-backend/src/presentation/helpers/http-helper.ts","statementMap":{"0":{"start":{"line":2,"column":0},"end":{"line":2,"column":39}},"1":{"start":{"line":4,"column":26},"end":{"line":7,"column":2}},"2":{"start":{"line":4,"column":59},"end":{"line":7,"column":2}},"3":{"start":{"line":4,"column":13},"end":{"line":4,"column":26}},"4":{"start":{"line":9,"column":25},"end":{"line":12,"column":2}},"5":{"start":{"line":9,"column":58},"end":{"line":12,"column":2}},"6":{"start":{"line":9,"column":13},"end":{"line":9,"column":25}},"7":{"start":{"line":14,"column":24},"end":{"line":17,"column":2}},"8":{"start":{"line":14,"column":60},"end":{"line":17,"column":2}},"9":{"start":{"line":14,"column":13},"end":{"line":14,"column":24}},"10":{"start":{"line":19,"column":27},"end":{"line":22,"column":2}},"11":{"start":{"line":19,"column":60},"end":{"line":22,"column":2}},"12":{"start":{"line":19,"column":13},"end":{"line":19,"column":27}},"13":{"start":{"line":24,"column":25},"end":{"line":27,"column":2}},"14":{"start":{"line":24,"column":61},"end":{"line":27,"column":2}},"15":{"start":{"line":24,"column":13},"end":{"line":24,"column":25}},"16":{"start":{"line":29,"column":18},"end":{"line":32,"column":2}},"17":{"start":{"line":29,"column":48},"end":{"line":32,"column":2}},"18":{"start":{"line":29,"column":13},"end":{"line":29,"column":18}}},"fnMap":{"0":{"name":"(anonymous_0)","decl":{"start":{"line":4,"column":26},"end":{"line":4,"column":27}},"loc":{"start":{"line":4,"column":59},"end":{"line":7,"column":2}}},"1":{"name":"(anonymous_1)","decl":{"start":{"line":9,"column":25},"end":{"line":9,"column":26}},"loc":{"start":{"line":9,"column":58},"end":{"line":12,"column":2}}},"2":{"name":"(anonymous_2)","decl":{"start":{"line":14,"column":24},"end":{"line":14,"column":25}},"loc":{"start":{"line":14,"column":60},"end":{"line":17,"column":2}}},"3":{"name":"(anonymous_3)","decl":{"start":{"line":19,"column":27},"end":{"line":19,"column":28}},"loc":{"start":{"line":19,"column":60},"end":{"line":22,"column":2}}},"4":{"name":"(anonymous_4)","decl":{"start":{"line":24,"column":25},"end":{"line":24,"column":26}},"loc":{"start":{"line":24,"column":61},"end":{"line":27,"column":2}}},"5":{"name":"(anonymous_5)","decl":{"start":{"line":29,"column":18},"end":{"line":29,"column":19}},"loc":{"start":{"line":29,"column":48},"end":{"line":32,"column":2}}}},"branchMap":{},"s":{"0":2,"1":2,"2":2,"3":2,"4":2,"5":0,"6":2,"7":2,"8":2,"9":2,"10":2,"11":4,"12":2,"13":2,"14":2,"15":2,"16":2,"17":7,"18":2},"f":{"0":2,"1":0,"2":2,"3":4,"4":2,"5":7},"b":{}}
,"/Users/lucasfloripa/Projects/numa-backend/numa-backend/src/presentation/helpers/index.ts": {"path":"/Users/lucasfloripa/Projects/numa-backend/numa-backend/src/presentation/helpers/index.ts","statementMap":{"0":{"start":{"line":1,"column":0},"end":{"line":1,"column":29}}},"fnMap":{},"branchMap":{},"s":{"0":2},"f":{},"b":{}}
}
